Resolving dependencies...
Downloading packages...
  archive 3.6.1 (4.0.9 available)
  file_saver 0.2.14 (0.4.0 available)
  intl 0.19.0 (0.20.3 available)
  matcher 0.12.19 (0.12.20 available)
  meta 1.18.0 (1.19.0 available)
  package_config 2.2.0 (3.0.0 available)
  test_api 0.7.11 (0.7.13 available)
  vector_math 2.2.0 (2.4.0 available)
  xml 6.6.1 (7.0.1 available)
Got dependencies!
9 packages have newer versions incompatible with dependency constraints.
Try `flutter pub outdated` for more information.
Warning: Building for device with codesigning disabled. You will have to manually codesign before deploying to device.
Xcode is fetching Swift Package Manager dependencies. This may take several minutes...
  Fetching from https://github.com/firebase/firebase-ios-sdk...     
  Fetching from https://github.com/google/interop-ios-for-google-sdks.git...     
  Fetching from https://github.com/google/grpc-binary.git...     
  Fetching from https://github.com/google/abseil-cpp-binary.git...     
  Fetching from https://github.com/google/app-check.git...      
  Fetching from https://github.com/firebase/leveldb.git...      
  Fetching from https://github.com/google/GoogleUtilities.git...     
  Fetching from https://github.com/firebase/nanopb.git...       
  Fetching from https://github.com/google/GoogleDataTransport.git...     
  Fetching from https://github.com/google/gtm-session-fetcher.git...     
  Fetching from https://github.com/google/promises.git...       
  Fetching from https://github.com/google/GoogleAppMeasurement.git...     
  Fetching from https://github.com/googleads/google-ads-on-device-conversion-ios-sdk...     
Building ru.appstroy.mobile for device (ios-release)...
The following plugins do not support Swift Package Manager for ios:
  - file_saver
This will become an error in a future version of Flutter. Please contact the plugin maintainers to request Swift Package Manager adoption.
Running pod install...                                           2,312ms
Running Xcode build...                                          
Xcode build done.                                           48.9s
Failed to build iOS app
Target Integrity (Xcode): The package product 'firebase-core' requires minimum platform version 15.0 for the iOS platform, but this target supports 13.0

Target Integrity (Xcode): The package product 'firebase-messaging' requires minimum platform version 15.0 for the iOS platform, but this target supports 13.0

To fix this error, increase your app's minimum platform version from 13.0 to at least 15.0 or remove the firebase-core dependency.

To increase your app's minimum platform version, follow these instructions:
  https://docs.flutter.dev/packages-and-plugins/swift-package-manager/for-app-developers#how-to-use-a-swift-package-manager-flutter-plugin-that-requires-a-higher-os-version

Encountered error while building for device.
