Resolving dependencies...
Downloading packages...
  archive 3.6.1 (4.0.9 available)
  file_saver 0.2.14 (0.4.0 available)
  intl 0.19.0 (0.20.3 available)
  matcher 0.12.19 (0.12.20 available)
  meta 1.18.0 (1.19.0 available)
  package_config 2.2.0 (3.0.0 available)
  test_api 0.7.11 (0.7.13 available)
  vector_math 2.2.0 (2.4.0 available)
  xml 6.6.1 (7.0.1 available)
Got dependencies!
9 packages have newer versions incompatible with dependency constraints.
Try `flutter pub outdated` for more information.

✅ /home/runner/work/skbs_app/skbs_app/skbs_app/test/functional_contract_test.dart: Функциональный контракт AppСтрой роли сохраняют свои вкладки и навигацию без перезагрузки
✅ /home/runner/work/skbs_app/skbs_app/skbs_app/test/functional_contract_test.dart: Функциональный контракт AppСтрой главная сохраняет объекты, архив и финансовую сводку
✅ /home/runner/work/skbs_app/skbs_app/skbs_app/test/functional_contract_test.dart: Функциональный контракт AppСтрой люди сохраняют поиск, разделы, отчёты и позицию списка
✅ /home/runner/work/skbs_app/skbs_app/skbs_app/test/functional_contract_test.dart: Функциональный контракт AppСтрой карточка сотрудника сохраняет все критичные действия
✅ /home/runner/work/skbs_app/skbs_app/skbs_app/test/functional_contract_test.dart: Функциональный контракт AppСтрой табель сохраняет быстрый ввод, ручной ввод и отчёты
✅ /home/runner/work/skbs_app/skbs_app/skbs_app/test/functional_contract_test.dart: Функциональный контракт AppСтрой выплаты сохраняют добавление, фильтры, чеки и единый XLSX
✅ /home/runner/work/skbs_app/skbs_app/skbs_app/test/functional_contract_test.dart: Функциональный контракт AppСтрой задачи сохраняют фото, статусы, редактирование и акт
✅ /home/runner/work/skbs_app/skbs_app/skbs_app/test/functional_contract_test.dart: Функциональный контракт AppСтрой уведомления остаются персональными и ограниченными для прораба
✅ /home/runner/work/skbs_app/skbs_app/skbs_app/test/functional_contract_test.dart: Функциональный контракт AppСтрой архив сохраняет восстановление и окончательное удаление
✅ /home/runner/work/skbs_app/skbs_app/skbs_app/test/functional_contract_test.dart: Функциональный контракт AppСтрой компании можно регистрировать и настраивать самостоятельно
✅ /home/runner/work/skbs_app/skbs_app/skbs_app/test/functional_contract_test.dart: Функциональный контракт AppСтрой администратор управляет приглашениями, ролями и объектами
✅ /home/runner/work/skbs_app/skbs_app/skbs_app/test/functional_contract_test.dart: Функциональный контракт AppСтрой тарифы и заявки сохраняют бизнес-контур компании
✅ /home/runner/work/skbs_app/skbs_app/skbs_app/test/functional_contract_test.dart: Функциональный контракт AppСтрой приглашённый пользователь обязательно задаёт пароль
✅ /home/runner/work/skbs_app/skbs_app/skbs_app/test/functional_contract_test.dart: Функциональный контракт AppСтрой платформенные экраны сохраняют премиальный стиль и финальный логотип
✅ /home/runner/work/skbs_app/skbs_app/skbs_app/test/functional_contract_test.dart: Функциональный контракт AppСтрой изменения данных сразу доходят до всех открытых экранов
::group::❌ /home/runner/work/skbs_app/skbs_app/skbs_app/test/push_notification_contract_test.dart: push работает поверх внутреннего колокольчика и защищает компании (failed)
Expected: contains '__FIREBASE_WEB_APP_ID__'
  Actual: '/*\n'
            ' * Firebase Messaging service worker for AppСтрой PWA.\n'
            ' * Public Firebase values are injected by GitHub Actions during the web build.\n'
            ' * No service account, service-role key or APNs secret belongs in this file.\n'
            ' */\n'
            '\n'
            'const firebaseConfig = {\n'
            '  apiKey: "",\n'
            '  authDomain: "",\n'
            '  projectId: "",\n'
            '  storageBucket: "",\n'
            '  messagingSenderId: "",\n'
            '  appId: "",\n'
            '};\n'
            'const appPublicUrl = "https://13off.github.io/appstroy-web/";\n'
            '\n'
            'self.addEventListener("notificationclick", (event) => {\n'
            '  event.notification.close();\n'
            '  const fcmMessage = event.notification.data?.FCM_MSG;\n'
            '  const target =\n'
            '    event.notification.data?.link ||\n'
            '    fcmMessage?.fcmOptions?.link ||\n'
            '    fcmMessage?.data?.link ||\n'
            '    appPublicUrl;\n'
            '\n'
            '  event.waitUntil(\n'
            '    clients.matchAll({ type: "window", includeUncontrolled: true }).then((windows) => {\n'
            '      for (const client of windows) {\n'
            '        if ("focus" in client) {\n'
            '          client.navigate(target);\n'
            '          return client.focus();\n'
            '        }\n'
            '      }\n'
            '      return clients.openWindow ? clients.openWindow(target) : undefined;\n'
            '    }),\n'
            '  );\n'
            '});\n'
            '\n'
            'const configured = Object.values(firebaseConfig).every(\n'
            '  (value) => value && !value.startsWith("__FIREBASE_"),\n'
            ');\n'
            '\n'
            'if (configured) {\n'
            '  importScripts("https://www.gstatic.com/firebasejs/10.13.2/firebase-app-compat.js");\n'
            '  importScripts("https://www.gstatic.com/firebasejs/10.13.2/firebase-messaging-compat.js");\n'
            '\n'
            '  firebase.initializeApp(firebaseConfig);\n'
            '  const messaging = firebase.messaging();\n'
            '\n'
            '  messaging.onBackgroundMessage((payload) => {\n'
            '    // Notification payloads are displayed automatically by FCM. This fallback\n'
            '    // is only for future data-only messages and deliberately avoids duplicates.\n'
            '    if (payload.notification) return;\n'
            '\n'
            '    const title = payload.data?.title || "AppСтрой";\n'
            '    const body = payload.data?.body || "В приложении есть новое уведомление";\n'
            '    self.registration.showNotification(title, {\n'
            '      body,\n'
            '      icon: `${appPublicUrl.replace(/\\/$/, "")}/icons/AppStroy-192-v2.png`,\n'
            '      badge: `${appPublicUrl.replace(/\\/$/, "")}/icons/AppStroy-192-v2.png`,\n'
            '      data: { link: appPublicUrl, FCM_MSG: payload },\n'
            '    });\n'
            '  });\n'
            '}\n'
            ''
   Which: does not contain '__FIREBASE_WEB_APP_ID__'
Обязательный push-элемент "__FIREBASE_WEB_APP_ID__" отсутствует в web/firebase-messaging-sw.js

package:matcher                                     expect
package:flutter_test/src/widget_tester.dart 473:18  expect
test/push_notification_contract_test.dart 10:5      containsAll
test/push_notification_contract_test.dart 79:5      main.<fn>
::endgroup::

::error::15 tests passed, 1 failed.
